2024-06-12T10:38:47.300Z [INFO]: Card #: 0004895971, Status: NOTFOUND
2024-06-12T10:38:47.303Z [INFO]: Event ID: 62655, Card: 0004895971, Status: NOTFOUND
2024-06-12T10:38:48.352Z [INFO]: Card #: 0004895971, Status: NOTFOUND
2024-06-12T10:38:48.363Z [INFO]: Event ID: 62656, Card: 0004895971, Status: NOTFOUND
2024-06-12T10:38:50.188Z [INFO]: Card #: 0006715891, Status: INVALID:IN
2024-06-12T10:38:50.190Z [INFO]: Event ID: 62657, Card: 0006715891, Name: Test Data, Status: INVALID:IN
2024-06-12T10:38:50.763Z [INFO]: Card #: 0006715891, Status: OUT
2024-06-12T10:38:50.764Z [INFO]: Command: *TRIG2ON#
2024-06-12T10:38:50.766Z [INFO]: Event ID: 62658, Card: 0006715891, Name: Test Data, Status: OUT
2024-06-12T10:38:51.341Z [INFO]: Card #: 0006715891, Status: IN
2024-06-12T10:38:51.341Z [INFO]: Command: *TRIG1ON#
2024-06-12T10:38:51.347Z [INFO]: Event ID: 62659, Card: 0006715891, Name: Test Data, Status: IN
2024-06-12T10:38:52.586Z [INFO]: Card #: 0006715891, Status: INVALID:IN
2024-06-12T10:38:52.589Z [INFO]: Event ID: 62660, Card: 0006715891, Name: Test Data, Status: INVALID:IN
2024-06-12T10:38:53.739Z [INFO]: Card #: 0006715891, Status: OUT
2024-06-12T10:38:53.740Z [INFO]: Command: *TRIG2ON#
2024-06-12T10:38:53.741Z [INFO]: Event ID: 62661, Card: 0006715891, Name: Test Data, Status: OUT
2024-06-12T10:38:55.373Z [INFO]: Card #: 0006715891, Status: INVALID:OUT
2024-06-12T10:38:55.376Z [INFO]: Event ID: 62662, Card: 0006715891, Name: Test Data, Status: INVALID:OUT
2024-06-12T10:40:20.017Z [INFO]: Serial Port Opened
2024-06-12T10:40:45.605Z [INFO]: Card #: 0006715891, Status: IN
2024-06-12T10:40:45.606Z [INFO]: Command: *TRIG1ON#
2024-06-12T10:40:45.609Z [INFO]: Event ID: 62663, Card: 0006715891, Name: Test Data, Status: IN
2024-06-12T10:40:47.232Z [INFO]: Card #: 0006715891, Status: INVALID:IN
2024-06-12T10:40:47.233Z [INFO]: Command: *TRIG1ON#
2024-06-12T10:40:47.247Z [INFO]: Event ID: 62664, Card: 0006715891, Name: Test Data, Status: IN
2024-06-12T10:40:48.578Z [INFO]: Card #: 0006715891, Status: OUT
2024-06-12T10:40:48.578Z [INFO]: Command: *TRIG2ON#
2024-06-12T10:40:48.583Z [INFO]: Event ID: 62665, Card: 0006715891, Name: Test Data, Status: OUT
2024-06-12T10:40:49.825Z [INFO]: Card #: 0006715891, Status: INVALID:OUT
2024-06-12T10:40:49.826Z [INFO]: Command: *TRIG2ON#
2024-06-12T10:40:49.829Z [INFO]: Event ID: 62666, Card: 0006715891, Name: Test Data, Status: OUT
2024-06-12T10:40:52.787Z [INFO]: Card #: 0004895971, Status: NOTFOUND
2024-06-12T10:40:52.790Z [INFO]: Event ID: 62667, Card: 0004895971, Status: NOTFOUND
2024-06-13T02:59:54.508Z [ERROR]: Error: Opening COM3: File not found
2024-06-13T14:16:02.348Z [ERROR]: Error: Opening COM3: File not found
2024-06-14T00:47:13.663Z [ERROR]: Error: Opening COM3: File not found
